Determining if the pthread_create exist failed with the following output:
Change Dir: /root/catkin_ws/src/Robot_Localization/catkin_ws/build/CMakeFiles/CMakeTmp

Run Build Command:"/usr/bin/make" "cmTC_bb23b/fast"
/usr/bin/make -f CMakeFiles/cmTC_bb23b.dir/build.make CMakeFiles/cmTC_bb23b.dir/build
make[1]: Entering directory '/root/catkin_ws/src/Robot_Localization/catkin_ws/build/CMakeFiles/CMakeTmp'
Building C object CMakeFiles/cmTC_bb23b.dir/CheckSymbolExists.c.o
/usr/bin/cc    -o CMakeFiles/cmTC_bb23b.dir/CheckSymbolExists.c.o   -c /root/catkin_ws/src/Robot_Localization/catkin_ws/build/CMakeFiles/CMakeTmp/CheckSymbolExists.c
Linking C executable cmTC_bb23b
/usr/bin/cmake -E cmake_link_script CMakeFiles/cmTC_bb23b.dir/link.txt --verbose=1
/usr/bin/cc      -rdynamic CMakeFiles/cmTC_bb23b.dir/CheckSymbolExists.c.o  -o cmTC_bb23b 
CMakeFiles/cmTC_bb23b.dir/CheckSymbolExists.c.o: In function `main':
CheckSymbolExists.c:(.text+0x1b): undefined reference to `pthread_create'
collect2: error: ld returned 1 exit status
CMakeFiles/cmTC_bb23b.dir/build.make:97: recipe for target 'cmTC_bb23b' failed
make[1]: *** [cmTC_bb23b] Error 1
make[1]: Leaving directory '/root/catkin_ws/src/Robot_Localization/catkin_ws/build/CMakeFiles/CMakeTmp'
Makefile:126: recipe for target 'cmTC_bb23b/fast' failed
make: *** [cmTC_bb23b/fast] Error 2

File /root/catkin_ws/src/Robot_Localization/catkin_ws/build/CMakeFiles/CMakeTmp/CheckSymbolExists.c:
/* */
#include <pthread.h>

int main(int argc, char** argv)
{
  (void)argv;
#ifndef pthread_create
  return ((int*)(&pthread_create))[argc];
#else
  (void)argc;
  return 0;
#endif
}

Determining if the function pthread_create exists in the pthreads failed with the following output:
Change Dir: /root/catkin_ws/src/Robot_Localization/catkin_ws/build/CMakeFiles/CMakeTmp

Run Build Command:"/usr/bin/make" "cmTC_90caa/fast"
/usr/bin/make -f CMakeFiles/cmTC_90caa.dir/build.make CMakeFiles/cmTC_90caa.dir/build
make[1]: Entering directory '/root/catkin_ws/src/Robot_Localization/catkin_ws/build/CMakeFiles/CMakeTmp'
Building C object CMakeFiles/cmTC_90caa.dir/CheckFunctionExists.c.o
/usr/bin/cc   -DCHECK_FUNCTION_EXISTS=pthread_create   -o CMakeFiles/cmTC_90caa.dir/CheckFunctionExists.c.o   -c /usr/share/cmake-3.10/Modules/CheckFunctionExists.c
Linking C executable cmTC_90caa
/usr/bin/cmake -E cmake_link_script CMakeFiles/cmTC_90caa.dir/link.txt --verbose=1
/usr/bin/cc  -DCHECK_FUNCTION_EXISTS=pthread_create    -rdynamic CMakeFiles/cmTC_90caa.dir/CheckFunctionExists.c.o  -o cmTC_90caa -lpthreads 
/usr/bin/ld: cannot find -lpthreads
collect2: error: ld returned 1 exit status
CMakeFiles/cmTC_90caa.dir/build.make:97: recipe for target 'cmTC_90caa' failed
make[1]: *** [cmTC_90caa] Error 1
make[1]: Leaving directory '/root/catkin_ws/src/Robot_Localization/catkin_ws/build/CMakeFiles/CMakeTmp'
Makefile:126: recipe for target 'cmTC_90caa/fast' failed
make: *** [cmTC_90caa/fast] Error 2


